c:\users\81805\desktop\miyag\enginesecond\enginesecond\x64\debug\descriptorheaps.obj
c:\users\81805\desktop\miyag\enginesecond\enginesecond\x64\debug\material.obj
c:\users\81805\desktop\miyag\enginesecond\enginesecond\x64\debug\pipelineset.obj
c:\users\81805\desktop\miyag\enginesecond\enginesecond\x64\debug\pixelshaderdata.obj
c:\users\81805\desktop\miyag\enginesecond\enginesecond\x64\debug\vertexshaderdata.obj
c:\users\81805\desktop\miyag\enginesecond\enginesecond\x64\debug\dxcommon.obj
c:\users\81805\desktop\miyag\enginesecond\enginesecond\x64\debug\imgui_impl_win32.obj
c:\users\81805\desktop\miyag\enginesecond\enginesecond\x64\debug\detectexception.obj
c:\users\81805\desktop\miyag\enginesecond\enginesecond\x64\debug\main.obj
c:\users\81805\desktop\miyag\enginesecond\enginesecond\x64\debug\dxcompile.obj
c:\users\81805\desktop\miyag\enginesecond\enginesecond\x64\debug\fencecontroll.obj
c:\users\81805\desktop\miyag\enginesecond\enginesecond\x64\debug\imgui.obj
c:\users\81805\desktop\miyag\enginesecond\enginesecond\x64\debug\lightresources.obj
c:\users\81805\desktop\miyag\enginesecond\enginesecond\x64\debug\imgui_draw.obj
c:\users\81805\desktop\miyag\enginesecond\enginesecond\x64\debug\directionallight.obj
c:\users\81805\desktop\miyag\enginesecond\enginesecond\x64\debug\imgui_demo.obj
c:\users\81805\desktop\miyag\enginesecond\enginesecond\x64\debug\camerainfo.obj
c:\users\81805\desktop\miyag\enginesecond\enginesecond\x64\debug\commoninfo.obj
c:\users\81805\desktop\miyag\enginesecond\enginesecond\x64\debug\gpuresources.obj
c:\users\81805\desktop\miyag\enginesecond\enginesecond\x64\debug\matrix.obj
c:\users\81805\desktop\miyag\enginesecond\enginesecond\x64\debug\vector.obj
c:\users\81805\desktop\miyag\enginesecond\enginesecond\x64\debug\vectorandmatrix.obj
c:\users\81805\desktop\miyag\enginesecond\enginesecond\x64\debug\windowsetup.obj
c:\users\81805\desktop\miyag\enginesecond\enginesecond\x64\debug\devicesetup.obj
c:\users\81805\desktop\miyag\enginesecond\enginesecond\x64\debug\imgui_tables.obj
c:\users\81805\desktop\miyag\enginesecond\enginesecond\x64\debug\commonvariables.obj
c:\users\81805\desktop\miyag\enginesecond\enginesecond\x64\debug\leakchecker.obj
c:\users\81805\desktop\miyag\enginesecond\enginesecond\x64\debug\swapchaincontroll.obj
c:\users\81805\desktop\miyag\enginesecond\enginesecond\x64\debug\imgui_widgets.obj
c:\users\81805\desktop\miyag\enginesecond\enginesecond\x64\debug\lightbasicstructure.obj
c:\users\81805\desktop\miyag\enginesecond\enginesecond\x64\debug\resourceandhandleforrender.obj
c:\users\81805\desktop\miyag\enginesecond\enginesecond\x64\debug\depthstencilsetup.obj
c:\users\81805\desktop\miyag\enginesecond\enginesecond\x64\debug\vertexdata.obj
c:\users\81805\desktop\miyag\enginesecond\enginesecond\x64\debug\vpshadertable.obj
c:\users\81805\desktop\miyag\enginesecond\enginesecond\x64\debug\imgui_impl_dx12.obj
c:\users\81805\desktop\miyag\enginesecond\enginesecond\x64\debug\outputdebuglog.obj
c:\users\81805\desktop\miyag\enginesecond\enginesecond\x64\debug\commandcontroll.obj
c:\users\81805\desktop\miyag\enginesecond\enginesecond\x64\debug\vc143.pdb
c:\users\81805\desktop\miyag\enginesecond\enginesecond\x64\debug\vc143.idb
c:\users\81805\desktop\miyag\enginesecond\enginesecond\x64\debug\barriercontroll.obj
c:\users\81805\desktop\miyag\enginesecond\x64\debug\enginesecond.exe
c:\users\81805\desktop\miyag\enginesecond\x64\debug\enginesecond.pdb
c:\users\81805\desktop\miyag\enginesecond\enginesecond\x64\debug\enginesecond.ilk
c:\users\81805\desktop\miyag\enginesecond\enginesecond\x64\debug\enginesecond.tlog\cl.command.1.tlog
c:\users\81805\desktop\miyag\enginesecond\enginesecond\x64\debug\enginesecond.tlog\cl.items.tlog
c:\users\81805\desktop\miyag\enginesecond\enginesecond\x64\debug\enginesecond.tlog\cl.read.1.tlog
c:\users\81805\desktop\miyag\enginesecond\enginesecond\x64\debug\enginesecond.tlog\cl.write.1.tlog
c:\users\81805\desktop\miyag\enginesecond\enginesecond\x64\debug\enginesecond.tlog\link.command.1.tlog
c:\users\81805\desktop\miyag\enginesecond\enginesecond\x64\debug\enginesecond.tlog\link.read.1.tlog
c:\users\81805\desktop\miyag\enginesecond\enginesecond\x64\debug\enginesecond.tlog\link.secondary.1.tlog
c:\users\81805\desktop\miyag\enginesecond\enginesecond\x64\debug\enginesecond.tlog\link.write.1.tlog
