  barrierControll.cpp
  depthStencilSetUp.cpp
  pixelShaderData.cpp
  vertexShaderData.cpp
  dxCompile.cpp
  commandControll.cpp
  fenceControll.cpp
  deviceSetUp.cpp
  descriptorHeaps.cpp
  imgui.cpp
  imgui_demo.cpp
  imgui_draw.cpp
  imgui_impl_dx12.cpp
  imgui_impl_win32.cpp
  imgui_tables.cpp
  imgui_widgets.cpp
  dxCommon.cpp
  cameraInfo.cpp
  commonInfo.cpp
  commonVariables.cpp
  gpuResources.cpp
  leakChecker.cpp
  directionalLight.cpp
  lightBasicStructure.cpp
  detectException.cpp
  outputDebugLog.cpp
  material.cpp
  pipelineSet.cpp
  VertexData.cpp
  vpShaderTable.cpp
  lightResources.cpp
  main.cpp
  matrix.cpp
  vector.cpp
  vectorAndMatrix.cpp
  swapChainControll.cpp
  windowSetUp.cpp
  resourceAndHandleForRender.cpp
  engineSecond.vcxproj -> C:\Users\81805\Desktop\miyaG\engineSecond\x64\Debug\engineSecond.exe
